<?xml version="1.0" encoding="UTF-8"?>
<!-- Generated by org.testng.reporters.JUnitReportReporter -->
<testsuite hostname="Pacchu" failures="0" tests="1" name="TestNg.SampleTest" time="0.009" errors="0" timestamp="2025-03-06T15:43:06 IST" skipped="0">
  <testcase classname="TestNg.SampleTest" name="createProduct" time="0.009"/>
  <system-out/>
</testsuite> <!-- TestNg.SampleTest -->
