<?xml version="1.0" encoding="UTF-8"?>
<!-- Generated by org.testng.reporters.JUnitReportReporter -->
<testsuite hostname="Pacchu" failures="0" tests="1" name="TestNg.SampleTest2" time="0.008" errors="0" timestamp="2025-03-06T15:23:10 IST" skipped="0">
  <testcase classname="TestNg.SampleTest2" name="createProduct" time="0.008"/>
  <system-out/>
</testsuite> <!-- TestNg.SampleTest2 -->
